<?xml version="1.0" encoding="UTF-8"?>
<testsuite xmlns:xsi="http://www.w3.org/2001/XMLSchema-instance" xsi:noNamespaceSchemaLocation="https://maven.apache.org/surefire/maven-surefire-plugin/xsd/surefire-test-report-3.0.xsd" version="3.0" name="isel.sisinf.AppTest" time="1.133" tests="2" errors="0" skipped="0" failures="0">
  <properties>
[...]
</properties>
  <testcase name="testGetDockOccupancy" classname="isel.sisinf.AppTest" time="0.79">
    <system-out><![CDATA[[EL Fine]: server: 2025-05-23 15:35:21.388--Thread(Thread[#1,main,5,main])--Configured server platform: org.eclipse.persistence.platform.server.NoServerPlatform
[EL Config]: metadata: 2025-05-23 15:35:21.443--ServerSession(169663597)--Thread(Thread[#1,main,5,main])--The access type for the persistent class [class isel.sisinf.model.Rider] is set to [FIELD].
[EL Config]: metadata: 2025-05-23 15:35:21.449--ServerSession(169663597)--Thread(Thread[#1,main,5,main])--The access type for the persistent class [class isel.sisinf.model.Dock] is set to [FIELD].
[EL Config]: metadata: 2025-05-23 15:35:21.45--ServerSession(169663597)--Thread(Thread[#1,main,5,main])--The access type for the persistent class [class isel.sisinf.model.Scooter] is set to [FIELD].
[EL Config]: metadata: 2025-05-23 15:35:21.451--ServerSession(169663597)--Thread(Thread[#1,main,5,main])--The alias name for the entity class [class isel.sisinf.model.Rider] is being defaulted to: Rider.
[EL Config]: metadata: 2025-05-23 15:35:21.456--ServerSession(169663597)--Thread(Thread[#1,main,5,main])--The alias name for the entity class [class isel.sisinf.model.Dock] is being defaulted to: Dock.
[EL Config]: metadata: 2025-05-23 15:35:21.456--ServerSession(169663597)--Thread(Thread[#1,main,5,main])--The alias name for the entity class [class isel.sisinf.model.Scooter] is being defaulted to: Scooter.
[EL Info]: 2025-05-23 15:35:21.491--ServerSession(169663597)--Thread(Thread[#1,main,5,main])--EclipseLink, version: Eclipse Persistence Services - 4.0.6.v202504090809-b9b1a3052f5ed8d3d838116c07fd4d6d6753df8b
[EL Fine]: connection: 2025-05-23 15:35:21.793--Thread(Thread[#1,main,5,main])--Detected database platform: org.eclipse.persistence.platform.database.PostgreSQL10Platform
[EL Fine]: 2025-05-23 15:35:21.795--Thread(Thread[#1,main,5,main])--JsonPlatformProvider class org.eclipse.persistence.pgsql.PostgreSQLJsonPlatformProvider was not found
[EL Fine]: 2025-05-23 15:35:21.798--Thread(Thread[#1,main,5,main])--JsonPlatformProvider class org.eclipse.persistence.platform.database.oracle.json.OracleJsonPlatformProvider was not found
[EL Fine]: 2025-05-23 15:35:21.799--Thread(Thread[#1,main,5,main])--JsonPlatformProvider class org.eclipse.persistence.json.DefaultJsonPlatformProvider was not found
[EL Fine]: 2025-05-23 15:35:21.799--Thread(Thread[#1,main,5,main])--pgsql10_platform_without_json_extension (There is no English translation for this message.)
[EL Fine]: connection: 2025-05-23 15:35:21.801--ServerSession(169663597)--Connection(440736059)--Thread(Thread[#1,main,5,main])--connecting(DatabaseLogin(
	platform=>PostgreSQL10Platform
	user name=> "t44dg70"
	datasource URL=> "jdbc:postgresql://sisinfvlab1.dyn.fil.isel.pt:5432/postgres"
))
[EL Config]: connection: 2025-05-23 15:35:21.927--ServerSession(169663597)--Connection(207546206)--Thread(Thread[#1,main,5,main])--Connected: jdbc:postgresql://sisinfvlab1.dyn.fil.isel.pt:5432/postgres
	User: t44dg70
	Database: PostgreSQL  Version: 15.12 (Ubuntu 15.12-1.pgdg22.04+1)
	Driver: PostgreSQL JDBC Driver  Version: 42.7.5
[EL Fine]: connection: 2025-05-23 15:35:21.947--ServerSession(169663597)--Thread(Thread[#1,main,5,main])--/file:/home/joao/4Semestre/Projeto SI/scooter/cites-project/app/target/test-classes/_citesPU login successful
[EL Fine]: sql: 2025-05-23 15:35:22.016--ServerSession(169663597)--Connection(207546206)--Thread(Thread[#1,main,5,main])--SELECT DISTINCT station FROM DOCK
[EL Fine]: sql: 2025-05-23 15:35:22.043--ServerSession(169663597)--Connection(207546206)--Thread(Thread[#1,main,5,main])--SELECT fx_dock_occupancy(?)
	bind => [3]
[EL Fine]: connection: 2025-05-23 15:35:22.063--ServerSession(169663597)--Connection(207546206)--Thread(Thread[#1,main,5,main])--disconnect
[EL Fine]: connection: 2025-05-23 15:35:22.074--ServerSession(169663597)--Thread(Thread[#1,main,5,main])--/file:/home/joao/4Semestre/Projeto SI/scooter/cites-project/app/target/test-classes/_citesPU logout successful
[EL Fine]: connection: 2025-05-23 15:35:22.074--ServerSession(169663597)--Connection(440736059)--Thread(Thread[#1,main,5,main])--disconnect
]]></system-out>
  </testcase>
  <testcase name="testRiderViewIntegration" classname="isel.sisinf.AppTest" time="0.32">
    <system-out><![CDATA[[EL Fine]: moxy: 2025-05-23 15:35:22.076--Thread(Thread[#1,main,5,main])--SAXParserFactory instance: com.sun.org.apache.xerces.internal.jaxp.SAXParserFactoryImpl@74cf8b28
[EL Fine]: server: 2025-05-23 15:35:22.077--Thread(Thread[#1,main,5,main])--Configured server platform: org.eclipse.persistence.platform.server.NoServerPlatform
[EL Config]: metadata: 2025-05-23 15:35:22.079--ServerSession(1481594007)--Thread(Thread[#1,main,5,main])--The access type for the persistent class [class isel.sisinf.model.Rider] is set to [FIELD].
[EL Config]: metadata: 2025-05-23 15:35:22.08--ServerSession(1481594007)--Thread(Thread[#1,main,5,main])--The access type for the persistent class [class isel.sisinf.model.Dock] is set to [FIELD].
[EL Config]: metadata: 2025-05-23 15:35:22.082--ServerSession(1481594007)--Thread(Thread[#1,main,5,main])--The access type for the persistent class [class isel.sisinf.model.Scooter] is set to [FIELD].
[EL Config]: metadata: 2025-05-23 15:35:22.083--ServerSession(1481594007)--Thread(Thread[#1,main,5,main])--The alias name for the entity class [class isel.sisinf.model.Rider] is being defaulted to: Rider.
[EL Config]: metadata: 2025-05-23 15:35:22.084--ServerSession(1481594007)--Thread(Thread[#1,main,5,main])--The alias name for the entity class [class isel.sisinf.model.Dock] is being defaulted to: Dock.
[EL Config]: metadata: 2025-05-23 15:35:22.084--ServerSession(1481594007)--Thread(Thread[#1,main,5,main])--The alias name for the entity class [class isel.sisinf.model.Scooter] is being defaulted to: Scooter.
[EL Info]: 2025-05-23 15:35:22.086--ServerSession(1481594007)--Thread(Thread[#1,main,5,main])--EclipseLink, version: Eclipse Persistence Services - 4.0.6.v202504090809-b9b1a3052f5ed8d3d838116c07fd4d6d6753df8b
[EL Fine]: connection: 2025-05-23 15:35:22.231--Thread(Thread[#1,main,5,main])--Detected database platform: org.eclipse.persistence.platform.database.PostgreSQL10Platform
[EL Fine]: 2025-05-23 15:35:22.232--Thread(Thread[#1,main,5,main])--JsonPlatformProvider class org.eclipse.persistence.pgsql.PostgreSQLJsonPlatformProvider was not found
[EL Fine]: 2025-05-23 15:35:22.233--Thread(Thread[#1,main,5,main])--JsonPlatformProvider class org.eclipse.persistence.platform.database.oracle.json.OracleJsonPlatformProvider was not found
[EL Fine]: 2025-05-23 15:35:22.233--Thread(Thread[#1,main,5,main])--JsonPlatformProvider class org.eclipse.persistence.json.DefaultJsonPlatformProvider was not found
[EL Fine]: 2025-05-23 15:35:22.233--Thread(Thread[#1,main,5,main])--pgsql10_platform_without_json_extension (There is no English translation for this message.)
[EL Fine]: connection: 2025-05-23 15:35:22.234--ServerSession(1481594007)--Connection(1337655323)--Thread(Thread[#1,main,5,main])--connecting(DatabaseLogin(
	platform=>PostgreSQL10Platform
	user name=> "t44dg70"
	datasource URL=> "jdbc:postgresql://sisinfvlab1.dyn.fil.isel.pt:5432/postgres"
))
[EL Config]: connection: 2025-05-23 15:35:22.349--ServerSession(1481594007)--Connection(1074844820)--Thread(Thread[#1,main,5,main])--Connected: jdbc:postgresql://sisinfvlab1.dyn.fil.isel.pt:5432/postgres
	User: t44dg70
	Database: PostgreSQL  Version: 15.12 (Ubuntu 15.12-1.pgdg22.04+1)
	Driver: PostgreSQL JDBC Driver  Version: 42.7.5
[EL Fine]: connection: 2025-05-23 15:35:22.35--ServerSession(1481594007)--Thread(Thread[#1,main,5,main])--/file:/home/joao/4Semestre/Projeto SI/scooter/cites-project/app/target/test-classes/_citesPU login successful
[EL Fine]: sql: 2025-05-23 15:35:22.352--ServerSession(1481594007)--Connection(1074844820)--Thread(Thread[#1,main,5,main])--SELECT id, email, taxnumber, name, dtregister, cardid, credit, typeofcard FROM RIDER
[EL Fine]: connection: 2025-05-23 15:35:22.384--ServerSession(1481594007)--Connection(1074844820)--Thread(Thread[#1,main,5,main])--disconnect
[EL Fine]: connection: 2025-05-23 15:35:22.394--ServerSession(1481594007)--Thread(Thread[#1,main,5,main])--/file:/home/joao/4Semestre/Projeto SI/scooter/cites-project/app/target/test-classes/_citesPU logout successful
[EL Fine]: connection: 2025-05-23 15:35:22.395--ServerSession(1481594007)--Connection(1337655323)--Thread(Thread[#1,main,5,main])--disconnect
]]></system-out>
  </testcase>
</testsuite>