<?xml version="1.0" encoding="UTF-8"?>
<testsuite xmlns:xsi="http://www.w3.org/2001/XMLSchema-instance" xsi:noNamespaceSchemaLocation="https://maven.apache.org/surefire/maven-surefire-plugin/xsd/surefire-test-report-3.0.xsd" version="3.0" name="isel.sisinf.AppTest" time="2.357" tests="2" errors="0" skipped="0" failures="0">
  <properties>
[...]
</properties>
  <testcase name="testGetDockOccupancy" classname="isel.sisinf.AppTest" time="1.59">
    <system-out><![CDATA[[EL Fine]: server: 2025-05-23 00:20:37.56--Thread(Thread[#1,main,5,main])--Configured server platform: org.eclipse.persistence.platform.server.NoServerPlatform
[EL Config]: metadata: 2025-05-23 00:20:37.672--ServerSession(777379084)--Thread(Thread[#1,main,5,main])--The access type for the persistent class [class isel.sisinf.model.Rider] is set to [FIELD].
[EL Config]: metadata: 2025-05-23 00:20:37.685--ServerSession(777379084)--Thread(Thread[#1,main,5,main])--The access type for the persistent class [class isel.sisinf.model.Dock] is set to [FIELD].
[EL Config]: metadata: 2025-05-23 00:20:37.69--ServerSession(777379084)--Thread(Thread[#1,main,5,main])--The access type for the persistent class [class isel.sisinf.model.Scooter] is set to [FIELD].
[EL Config]: metadata: 2025-05-23 00:20:37.69--ServerSession(777379084)--Thread(Thread[#1,main,5,main])--The alias name for the entity class [class isel.sisinf.model.Rider] is being defaulted to: Rider.
[EL Config]: metadata: 2025-05-23 00:20:37.702--ServerSession(777379084)--Thread(Thread[#1,main,5,main])--The alias name for the entity class [class isel.sisinf.model.Dock] is being defaulted to: Dock.
[EL Config]: metadata: 2025-05-23 00:20:37.704--ServerSession(777379084)--Thread(Thread[#1,main,5,main])--The alias name for the entity class [class isel.sisinf.model.Scooter] is being defaulted to: Scooter.
[EL Info]: 2025-05-23 00:20:37.808--ServerSession(777379084)--Thread(Thread[#1,main,5,main])--EclipseLink, version: Eclipse Persistence Services - 4.0.6.v202504090809-b9b1a3052f5ed8d3d838116c07fd4d6d6753df8b
[EL Fine]: connection: 2025-05-23 00:20:38.371--Thread(Thread[#1,main,5,main])--Detected database platform: org.eclipse.persistence.platform.database.PostgreSQL10Platform
[EL Fine]: 2025-05-23 00:20:38.376--Thread(Thread[#1,main,5,main])--JsonPlatformProvider class org.eclipse.persistence.pgsql.PostgreSQLJsonPlatformProvider was not found
[EL Fine]: 2025-05-23 00:20:38.38--Thread(Thread[#1,main,5,main])--JsonPlatformProvider class org.eclipse.persistence.platform.database.oracle.json.OracleJsonPlatformProvider was not found
[EL Fine]: 2025-05-23 00:20:38.38--Thread(Thread[#1,main,5,main])--JsonPlatformProvider class org.eclipse.persistence.json.DefaultJsonPlatformProvider was not found
[EL Fine]: 2025-05-23 00:20:38.381--Thread(Thread[#1,main,5,main])--pgsql10_platform_without_json_extension (There is no English translation for this message.)
[EL Fine]: connection: 2025-05-23 00:20:38.385--ServerSession(777379084)--Connection(998242313)--Thread(Thread[#1,main,5,main])--connecting(DatabaseLogin(
	platform=>PostgreSQL10Platform
	user name=> "t44dg70"
	datasource URL=> "jdbc:postgresql://sisinfvlab1.dyn.fil.isel.pt:5432/postgres"
))
[EL Config]: connection: 2025-05-23 00:20:38.711--ServerSession(777379084)--Connection(464872674)--Thread(Thread[#1,main,5,main])--Connected: jdbc:postgresql://sisinfvlab1.dyn.fil.isel.pt:5432/postgres
	User: t44dg70
	Database: PostgreSQL  Version: 15.12 (Ubuntu 15.12-1.pgdg22.04+1)
	Driver: PostgreSQL JDBC Driver  Version: 42.7.5
[EL Fine]: connection: 2025-05-23 00:20:38.754--ServerSession(777379084)--Thread(Thread[#1,main,5,main])--/file:/C:/4Semestre/SI/scooter/cites-project/app/target/test-classes/_citesPU login successful
[EL Fine]: sql: 2025-05-23 00:20:38.906--ServerSession(777379084)--Connection(464872674)--Thread(Thread[#1,main,5,main])--SELECT DISTINCT station FROM DOCK
[EL Fine]: sql: 2025-05-23 00:20:38.937--ServerSession(777379084)--Connection(464872674)--Thread(Thread[#1,main,5,main])--SELECT fx_dock_occupancy(?)
	bind => [3]
[EL Fine]: connection: 2025-05-23 00:20:38.957--ServerSession(777379084)--Connection(464872674)--Thread(Thread[#1,main,5,main])--disconnect
[EL Fine]: connection: 2025-05-23 00:20:38.969--ServerSession(777379084)--Thread(Thread[#1,main,5,main])--/file:/C:/4Semestre/SI/scooter/cites-project/app/target/test-classes/_citesPU logout successful
[EL Fine]: connection: 2025-05-23 00:20:38.97--ServerSession(777379084)--Connection(998242313)--Thread(Thread[#1,main,5,main])--disconnect
]]></system-out>
  </testcase>
  <testcase name="testRiderViewIntegration" classname="isel.sisinf.AppTest" time="0.715">
    <system-out><![CDATA[[EL Fine]: moxy: 2025-05-23 00:20:38.973--Thread(Thread[#1,main,5,main])--SAXParserFactory instance: com.sun.org.apache.xerces.internal.jaxp.SAXParserFactoryImpl@16943e88
[EL Fine]: server: 2025-05-23 00:20:38.976--Thread(Thread[#1,main,5,main])--Configured server platform: org.eclipse.persistence.platform.server.NoServerPlatform
[EL Config]: metadata: 2025-05-23 00:20:38.982--ServerSession(220432328)--Thread(Thread[#1,main,5,main])--The access type for the persistent class [class isel.sisinf.model.Rider] is set to [FIELD].
[EL Config]: metadata: 2025-05-23 00:20:38.983--ServerSession(220432328)--Thread(Thread[#1,main,5,main])--The access type for the persistent class [class isel.sisinf.model.Dock] is set to [FIELD].
[EL Config]: metadata: 2025-05-23 00:20:38.985--ServerSession(220432328)--Thread(Thread[#1,main,5,main])--The access type for the persistent class [class isel.sisinf.model.Scooter] is set to [FIELD].
[EL Config]: metadata: 2025-05-23 00:20:38.986--ServerSession(220432328)--Thread(Thread[#1,main,5,main])--The alias name for the entity class [class isel.sisinf.model.Rider] is being defaulted to: Rider.
[EL Config]: metadata: 2025-05-23 00:20:38.988--ServerSession(220432328)--Thread(Thread[#1,main,5,main])--The alias name for the entity class [class isel.sisinf.model.Dock] is being defaulted to: Dock.
[EL Config]: metadata: 2025-05-23 00:20:38.989--ServerSession(220432328)--Thread(Thread[#1,main,5,main])--The alias name for the entity class [class isel.sisinf.model.Scooter] is being defaulted to: Scooter.
[EL Info]: 2025-05-23 00:20:38.993--ServerSession(220432328)--Thread(Thread[#1,main,5,main])--EclipseLink, version: Eclipse Persistence Services - 4.0.6.v202504090809-b9b1a3052f5ed8d3d838116c07fd4d6d6753df8b
[EL Fine]: connection: 2025-05-23 00:20:39.307--Thread(Thread[#1,main,5,main])--Detected database platform: org.eclipse.persistence.platform.database.PostgreSQL10Platform
[EL Fine]: 2025-05-23 00:20:39.308--Thread(Thread[#1,main,5,main])--JsonPlatformProvider class org.eclipse.persistence.pgsql.PostgreSQLJsonPlatformProvider was not found
[EL Fine]: 2025-05-23 00:20:39.309--Thread(Thread[#1,main,5,main])--JsonPlatformProvider class org.eclipse.persistence.platform.database.oracle.json.OracleJsonPlatformProvider was not found
[EL Fine]: 2025-05-23 00:20:39.31--Thread(Thread[#1,main,5,main])--JsonPlatformProvider class org.eclipse.persistence.json.DefaultJsonPlatformProvider was not found
[EL Fine]: 2025-05-23 00:20:39.31--Thread(Thread[#1,main,5,main])--pgsql10_platform_without_json_extension (There is no English translation for this message.)
[EL Fine]: connection: 2025-05-23 00:20:39.311--ServerSession(220432328)--Connection(249515830)--Thread(Thread[#1,main,5,main])--connecting(DatabaseLogin(
	platform=>PostgreSQL10Platform
	user name=> "t44dg70"
	datasource URL=> "jdbc:postgresql://sisinfvlab1.dyn.fil.isel.pt:5432/postgres"
))
[EL Config]: connection: 2025-05-23 00:20:39.629--ServerSession(220432328)--Connection(43856716)--Thread(Thread[#1,main,5,main])--Connected: jdbc:postgresql://sisinfvlab1.dyn.fil.isel.pt:5432/postgres
	User: t44dg70
	Database: PostgreSQL  Version: 15.12 (Ubuntu 15.12-1.pgdg22.04+1)
	Driver: PostgreSQL JDBC Driver  Version: 42.7.5
[EL Fine]: connection: 2025-05-23 00:20:39.632--ServerSession(220432328)--Thread(Thread[#1,main,5,main])--/file:/C:/4Semestre/SI/scooter/cites-project/app/target/test-classes/_citesPU login successful
[EL Fine]: sql: 2025-05-23 00:20:39.635--ServerSession(220432328)--Connection(43856716)--Thread(Thread[#1,main,5,main])--SELECT id, email, taxnumber, name, dtregister, cardid, credit, typeofcard FROM RIDER
[EL Fine]: connection: 2025-05-23 00:20:39.671--ServerSession(220432328)--Connection(43856716)--Thread(Thread[#1,main,5,main])--disconnect
[EL Fine]: connection: 2025-05-23 00:20:39.684--ServerSession(220432328)--Thread(Thread[#1,main,5,main])--/file:/C:/4Semestre/SI/scooter/cites-project/app/target/test-classes/_citesPU logout successful
[EL Fine]: connection: 2025-05-23 00:20:39.685--ServerSession(220432328)--Connection(249515830)--Thread(Thread[#1,main,5,main])--disconnect
]]></system-out>
  </testcase>
</testsuite>