<?xml version="1.0" encoding="UTF-8"?>
<testsuite xmlns:xsi="http://www.w3.org/2001/XMLSchema-instance" xsi:noNamespaceSchemaLocation="https://maven.apache.org/surefire/maven-surefire-plugin/xsd/surefire-test-report-3.0.xsd" version="3.0" name="isel.sisinf.RiderRepositoryTest" time="0.325" tests="1" errors="0" skipped="0" failures="0">
  <properties>
[...]
</properties>
  <testcase name="testCreateAndFindRider" classname="isel.sisinf.RiderRepositoryTest" time="0.302">
    <system-out><![CDATA[[EL Fine]: moxy: 2025-05-23 15:35:20.591--Thread(Thread[#1,main,5,main])--SAXParserFactory instance: com.sun.org.apache.xerces.internal.jaxp.SAXParserFactoryImpl@54dcbb9f
[EL Fine]: server: 2025-05-23 15:35:20.595--Thread(Thread[#1,main,5,main])--Configured server platform: org.eclipse.persistence.platform.server.NoServerPlatform
[EL Config]: metadata: 2025-05-23 15:35:20.597--ServerSession(1601756706)--Thread(Thread[#1,main,5,main])--The access type for the persistent class [class isel.sisinf.model.Rider] is set to [FIELD].
[EL Config]: metadata: 2025-05-23 15:35:20.598--ServerSession(1601756706)--Thread(Thread[#1,main,5,main])--The access type for the persistent class [class isel.sisinf.model.Dock] is set to [FIELD].
[EL Config]: metadata: 2025-05-23 15:35:20.599--ServerSession(1601756706)--Thread(Thread[#1,main,5,main])--The access type for the persistent class [class isel.sisinf.model.Scooter] is set to [FIELD].
[EL Config]: metadata: 2025-05-23 15:35:20.6--ServerSession(1601756706)--Thread(Thread[#1,main,5,main])--The alias name for the entity class [class isel.sisinf.model.Rider] is being defaulted to: Rider.
[EL Config]: metadata: 2025-05-23 15:35:20.601--ServerSession(1601756706)--Thread(Thread[#1,main,5,main])--The alias name for the entity class [class isel.sisinf.model.Dock] is being defaulted to: Dock.
[EL Config]: metadata: 2025-05-23 15:35:20.602--ServerSession(1601756706)--Thread(Thread[#1,main,5,main])--The alias name for the entity class [class isel.sisinf.model.Scooter] is being defaulted to: Scooter.
[EL Info]: 2025-05-23 15:35:20.604--ServerSession(1601756706)--Thread(Thread[#1,main,5,main])--EclipseLink, version: Eclipse Persistence Services - 4.0.6.v202504090809-b9b1a3052f5ed8d3d838116c07fd4d6d6753df8b
[EL Fine]: connection: 2025-05-23 15:35:20.727--Thread(Thread[#1,main,5,main])--Detected database platform: org.eclipse.persistence.platform.database.PostgreSQL10Platform
[EL Fine]: 2025-05-23 15:35:20.728--Thread(Thread[#1,main,5,main])--JsonPlatformProvider class org.eclipse.persistence.pgsql.PostgreSQLJsonPlatformProvider was not found
[EL Fine]: 2025-05-23 15:35:20.729--Thread(Thread[#1,main,5,main])--JsonPlatformProvider class org.eclipse.persistence.platform.database.oracle.json.OracleJsonPlatformProvider was not found
[EL Fine]: 2025-05-23 15:35:20.729--Thread(Thread[#1,main,5,main])--JsonPlatformProvider class org.eclipse.persistence.json.DefaultJsonPlatformProvider was not found
[EL Fine]: 2025-05-23 15:35:20.73--Thread(Thread[#1,main,5,main])--pgsql10_platform_without_json_extension (There is no English translation for this message.)
[EL Fine]: connection: 2025-05-23 15:35:20.73--ServerSession(1601756706)--Connection(657069980)--Thread(Thread[#1,main,5,main])--connecting(DatabaseLogin(
	platform=>PostgreSQL10Platform
	user name=> "t44dg70"
	datasource URL=> "jdbc:postgresql://sisinfvlab1.dyn.fil.isel.pt:5432/postgres"
))
[EL Config]: connection: 2025-05-23 15:35:20.847--ServerSession(1601756706)--Connection(1730182538)--Thread(Thread[#1,main,5,main])--Connected: jdbc:postgresql://sisinfvlab1.dyn.fil.isel.pt:5432/postgres
	User: t44dg70
	Database: PostgreSQL  Version: 15.12 (Ubuntu 15.12-1.pgdg22.04+1)
	Driver: PostgreSQL JDBC Driver  Version: 42.7.5
[EL Fine]: connection: 2025-05-23 15:35:20.852--ServerSession(1601756706)--Thread(Thread[#1,main,5,main])--/file:/home/joao/4Semestre/Projeto SI/scooter/cites-project/dal/target/test-classes/_citesPU login successful
[EL Fine]: sql: 2025-05-23 15:35:20.854--ClientSession(2082678778)--Connection(1730182538)--Thread(Thread[#1,main,5,main])--SELECT COUNT(*) FROM PERSON WHERE taxnumber = ?
	bind => [111222333]
[EL Fine]: sql: 2025-05-23 15:35:20.882--ServerSession(1601756706)--Connection(1730182538)--Thread(Thread[#1,main,5,main])--SELECT id, email, taxnumber, name, dtregister, cardid, credit, typeofcard FROM RIDER
]]></system-out>
  </testcase>
</testsuite>