<?xml version="1.0" encoding="UTF-8"?>
<testsuite xmlns:xsi="http://www.w3.org/2001/XMLSchema-instance" xsi:noNamespaceSchemaLocation="https://maven.apache.org/surefire/maven-surefire-plugin/xsd/surefire-test-report-3.0.xsd" version="3.0" name="isel.sisinf.AppTest" time="1.955" tests="3" errors="0" skipped="0" failures="0">
  <properties>
[...]
</properties>
  <testcase name="testOptimisticLockingOnDock" classname="isel.sisinf.AppTest" time="1.385">
    <system-out><![CDATA[[EL Fine]: server: 2025-05-23 00:20:32.977--Thread(Thread[#1,main,5,main])--Configured server platform: org.eclipse.persistence.platform.server.NoServerPlatform
[EL Config]: metadata: 2025-05-23 00:20:33.091--ServerSession(1987169128)--Thread(Thread[#1,main,5,main])--The access type for the persistent class [class isel.sisinf.model.Rider] is set to [FIELD].
[EL Config]: metadata: 2025-05-23 00:20:33.103--ServerSession(1987169128)--Thread(Thread[#1,main,5,main])--The access type for the persistent class [class isel.sisinf.model.Dock] is set to [FIELD].
[EL Config]: metadata: 2025-05-23 00:20:33.107--ServerSession(1987169128)--Thread(Thread[#1,main,5,main])--The access type for the persistent class [class isel.sisinf.model.Scooter] is set to [FIELD].
[EL Config]: metadata: 2025-05-23 00:20:33.108--ServerSession(1987169128)--Thread(Thread[#1,main,5,main])--The alias name for the entity class [class isel.sisinf.model.Rider] is being defaulted to: Rider.
[EL Config]: metadata: 2025-05-23 00:20:33.12--ServerSession(1987169128)--Thread(Thread[#1,main,5,main])--The alias name for the entity class [class isel.sisinf.model.Dock] is being defaulted to: Dock.
[EL Config]: metadata: 2025-05-23 00:20:33.121--ServerSession(1987169128)--Thread(Thread[#1,main,5,main])--The alias name for the entity class [class isel.sisinf.model.Scooter] is being defaulted to: Scooter.
[EL Info]: 2025-05-23 00:20:33.226--ServerSession(1987169128)--Thread(Thread[#1,main,5,main])--EclipseLink, version: Eclipse Persistence Services - 4.0.6.v202504090809-b9b1a3052f5ed8d3d838116c07fd4d6d6753df8b
[EL Fine]: connection: 2025-05-23 00:20:33.876--Thread(Thread[#1,main,5,main])--Detected database platform: org.eclipse.persistence.platform.database.PostgreSQL10Platform
[EL Fine]: 2025-05-23 00:20:33.882--Thread(Thread[#1,main,5,main])--JsonPlatformProvider class org.eclipse.persistence.pgsql.PostgreSQLJsonPlatformProvider was not found
[EL Fine]: 2025-05-23 00:20:33.886--Thread(Thread[#1,main,5,main])--JsonPlatformProvider class org.eclipse.persistence.platform.database.oracle.json.OracleJsonPlatformProvider was not found
[EL Fine]: 2025-05-23 00:20:33.886--Thread(Thread[#1,main,5,main])--JsonPlatformProvider class org.eclipse.persistence.json.DefaultJsonPlatformProvider was not found
[EL Fine]: 2025-05-23 00:20:33.886--Thread(Thread[#1,main,5,main])--pgsql10_platform_without_json_extension (There is no English translation for this message.)
[EL Fine]: connection: 2025-05-23 00:20:33.891--ServerSession(1987169128)--Connection(998242313)--Thread(Thread[#1,main,5,main])--connecting(DatabaseLogin(
	platform=>PostgreSQL10Platform
	user name=> "t44dg70"
	datasource URL=> "jdbc:postgresql://sisinfvlab1.dyn.fil.isel.pt:5432/postgres"
))
[EL Config]: connection: 2025-05-23 00:20:34.2--ServerSession(1987169128)--Connection(464872674)--Thread(Thread[#1,main,5,main])--Connected: jdbc:postgresql://sisinfvlab1.dyn.fil.isel.pt:5432/postgres
	User: t44dg70
	Database: PostgreSQL  Version: 15.12 (Ubuntu 15.12-1.pgdg22.04+1)
	Driver: PostgreSQL JDBC Driver  Version: 42.7.5
[EL Fine]: connection: 2025-05-23 00:20:34.238--ServerSession(1987169128)--Thread(Thread[#1,main,5,main])--/file:/C:/4Semestre/SI/scooter/cites-project/dal/target/test-classes/_citesPU login successful
[EL Fine]: sql: 2025-05-23 00:20:34.378--ServerSession(1987169128)--Connection(464872674)--Thread(Thread[#1,main,5,main])--SELECT number, scooter, state, station, version FROM DOCK
[EL Fine]: sql: 2025-05-23 00:20:34.427--ClientSession(2112135199)--Connection(464872674)--Thread(Thread[#1,main,5,main])--SELECT NOW()
[EL Fine]: sql: 2025-05-23 00:20:34.441--ClientSession(2112135199)--Connection(464872674)--Thread(Thread[#1,main,5,main])--UPDATE DOCK SET scooter = ?, state = ?, version = ? WHERE ((number = ?) AND (version = ?))
	bind => [1, occupy, 2025-05-23 01:20:34.65345, 2, 2025-05-23 00:20:13.012535]
[EL Fine]: sql: 2025-05-23 00:20:34.471--ClientSession(1623287112)--Connection(464872674)--Thread(Thread[#1,main,5,main])--SELECT NOW()
[EL Fine]: sql: 2025-05-23 00:20:34.484--ClientSession(1623287112)--Connection(464872674)--Thread(Thread[#1,main,5,main])--UPDATE DOCK SET scooter = ?, state = ?, version = ? WHERE ((number = ?) AND (version = ?))
	bind => [2, occupy, 2025-05-23 01:20:34.696941, 2, 2025-05-23 00:20:13.012535]
[EL Warning]: 2025-05-23 00:20:34.498--UnitOfWork(211199210)--Thread(Thread[#1,main,5,main])--Exception [EclipseLink-5006] (Eclipse Persistence Services - 4.0.6.v202504090809-b9b1a3052f5ed8d3d838116c07fd4d6d6753df8b): org.eclipse.persistence.exceptions.OptimisticLockException
Exception Description: The object [isel.sisinf.model.Dock@3956b302] cannot be updated because it has changed or been deleted since it was last read. 
Class> isel.sisinf.model.Dock Primary Key> 2
]]></system-out>
  </testcase>
  <testcase name="testCreateAndFindRider" classname="isel.sisinf.AppTest" time="0.077">
    <system-out><![CDATA[[EL Fine]: sql: 2025-05-23 00:20:34.528--ClientSession(2027701910)--Connection(464872674)--Thread(Thread[#1,main,5,main])--INSERT INTO postgres.public.RIDER (id, cardid, credit, dtregister, email, name, taxnumber, typeofcard) VALUES (?, ?, ?, ?, ?, ?, ?, ?)
	bind => [0, 0, 20.0, 2025-05-22 12:00:00.0, integrationtest@email.com, Integration Test User, 123123123, resident]
[EL Fine]: sql: 2025-05-23 00:20:34.569--ServerSession(1987169128)--Connection(464872674)--Thread(Thread[#1,main,5,main])--SELECT id, email, taxnumber, name, dtregister, cardid, credit, typeofcard FROM RIDER
]]></system-out>
  </testcase>
  <testcase name="testDockOccupancyFunction" classname="isel.sisinf.AppTest" time="0.067">
    <system-out><![CDATA[[EL Fine]: sql: 2025-05-23 00:20:34.62--ServerSession(1987169128)--Connection(464872674)--Thread(Thread[#1,main,5,main])--SELECT DISTINCT station FROM DOCK
[EL Fine]: sql: 2025-05-23 00:20:34.64--ServerSession(1987169128)--Connection(464872674)--Thread(Thread[#1,main,5,main])--SELECT fx_dock_occupancy(?)
	bind => [3]
]]></system-out>
  </testcase>
</testsuite>