<?xml version="1.0" encoding="UTF-8"?>
<testsuite xmlns:xsi="http://www.w3.org/2001/XMLSchema-instance" xsi:noNamespaceSchemaLocation="https://maven.apache.org/surefire/maven-surefire-plugin/xsd/surefire-test-report-3.0.xsd" version="3.0" name="isel.sisinf.AppTest" time="1.02" tests="3" errors="0" skipped="0" failures="0">
  <properties>
[...]
</properties>
  <testcase name="testOptimisticLockingOnDock" classname="isel.sisinf.AppTest" time="0.691">
    <system-out><![CDATA[[EL Fine]: server: 2025-05-23 15:35:19.276--Thread(Thread[#1,main,5,main])--Configured server platform: org.eclipse.persistence.platform.server.NoServerPlatform
[EL Config]: metadata: 2025-05-23 15:35:19.333--ServerSession(2063763486)--Thread(Thread[#1,main,5,main])--The access type for the persistent class [class isel.sisinf.model.Rider] is set to [FIELD].
[EL Config]: metadata: 2025-05-23 15:35:19.339--ServerSession(2063763486)--Thread(Thread[#1,main,5,main])--The access type for the persistent class [class isel.sisinf.model.Dock] is set to [FIELD].
[EL Config]: metadata: 2025-05-23 15:35:19.341--ServerSession(2063763486)--Thread(Thread[#1,main,5,main])--The access type for the persistent class [class isel.sisinf.model.Scooter] is set to [FIELD].
[EL Config]: metadata: 2025-05-23 15:35:19.341--ServerSession(2063763486)--Thread(Thread[#1,main,5,main])--The alias name for the entity class [class isel.sisinf.model.Rider] is being defaulted to: Rider.
[EL Config]: metadata: 2025-05-23 15:35:19.346--ServerSession(2063763486)--Thread(Thread[#1,main,5,main])--The alias name for the entity class [class isel.sisinf.model.Dock] is being defaulted to: Dock.
[EL Config]: metadata: 2025-05-23 15:35:19.347--ServerSession(2063763486)--Thread(Thread[#1,main,5,main])--The alias name for the entity class [class isel.sisinf.model.Scooter] is being defaulted to: Scooter.
[EL Info]: 2025-05-23 15:35:19.383--ServerSession(2063763486)--Thread(Thread[#1,main,5,main])--EclipseLink, version: Eclipse Persistence Services - 4.0.6.v202504090809-b9b1a3052f5ed8d3d838116c07fd4d6d6753df8b
[EL Fine]: connection: 2025-05-23 15:35:19.705--Thread(Thread[#1,main,5,main])--Detected database platform: org.eclipse.persistence.platform.database.PostgreSQL10Platform
[EL Fine]: 2025-05-23 15:35:19.708--Thread(Thread[#1,main,5,main])--JsonPlatformProvider class org.eclipse.persistence.pgsql.PostgreSQLJsonPlatformProvider was not found
[EL Fine]: 2025-05-23 15:35:19.71--Thread(Thread[#1,main,5,main])--JsonPlatformProvider class org.eclipse.persistence.platform.database.oracle.json.OracleJsonPlatformProvider was not found
[EL Fine]: 2025-05-23 15:35:19.71--Thread(Thread[#1,main,5,main])--JsonPlatformProvider class org.eclipse.persistence.json.DefaultJsonPlatformProvider was not found
[EL Fine]: 2025-05-23 15:35:19.711--Thread(Thread[#1,main,5,main])--pgsql10_platform_without_json_extension (There is no English translation for this message.)
[EL Fine]: connection: 2025-05-23 15:35:19.714--ServerSession(2063763486)--Connection(1112527632)--Thread(Thread[#1,main,5,main])--connecting(DatabaseLogin(
	platform=>PostgreSQL10Platform
	user name=> "t44dg70"
	datasource URL=> "jdbc:postgresql://sisinfvlab1.dyn.fil.isel.pt:5432/postgres"
))
[EL Config]: connection: 2025-05-23 15:35:19.826--ServerSession(2063763486)--Connection(140404585)--Thread(Thread[#1,main,5,main])--Connected: jdbc:postgresql://sisinfvlab1.dyn.fil.isel.pt:5432/postgres
	User: t44dg70
	Database: PostgreSQL  Version: 15.12 (Ubuntu 15.12-1.pgdg22.04+1)
	Driver: PostgreSQL JDBC Driver  Version: 42.7.5
[EL Fine]: connection: 2025-05-23 15:35:19.846--ServerSession(2063763486)--Thread(Thread[#1,main,5,main])--/file:/home/joao/4Semestre/Projeto SI/scooter/cites-project/dal/target/test-classes/_citesPU login successful
[EL Fine]: sql: 2025-05-23 15:35:19.917--ServerSession(2063763486)--Connection(140404585)--Thread(Thread[#1,main,5,main])--SELECT number, scooter, state, station, version FROM DOCK
[EL Fine]: sql: 2025-05-23 15:35:19.955--ClientSession(845388562)--Connection(140404585)--Thread(Thread[#1,main,5,main])--SELECT NOW()
[EL Fine]: sql: 2025-05-23 15:35:19.969--ClientSession(845388562)--Connection(140404585)--Thread(Thread[#1,main,5,main])--UPDATE DOCK SET scooter = ?, state = ?, version = ? WHERE ((number = ?) AND (version = ?))
	bind => [1, occupy, 2025-05-23 15:35:19.992876, 9, 2025-05-23 14:12:27.958542]
[EL Fine]: sql: 2025-05-23 15:35:19.998--ClientSession(1046009438)--Connection(140404585)--Thread(Thread[#1,main,5,main])--SELECT NOW()
[EL Fine]: sql: 2025-05-23 15:35:20.011--ClientSession(1046009438)--Connection(140404585)--Thread(Thread[#1,main,5,main])--UPDATE DOCK SET scooter = ?, state = ?, version = ? WHERE ((number = ?) AND (version = ?))
	bind => [2, occupy, 2025-05-23 15:35:20.036423, 9, 2025-05-23 14:12:27.958542]
[EL Warning]: 2025-05-23 15:35:20.024--UnitOfWork(1884422865)--Thread(Thread[#1,main,5,main])--Exception [EclipseLink-5006] (Eclipse Persistence Services - 4.0.6.v202504090809-b9b1a3052f5ed8d3d838116c07fd4d6d6753df8b): org.eclipse.persistence.exceptions.OptimisticLockException
Exception Description: The object [isel.sisinf.model.Dock@75504cef] cannot be updated because it has changed or been deleted since it was last read. 
Class> isel.sisinf.model.Dock Primary Key> 9
]]></system-out>
  </testcase>
  <testcase name="testCreateAndFindRider" classname="isel.sisinf.AppTest" time="0.055">
    <system-out><![CDATA[[EL Fine]: sql: 2025-05-23 15:35:20.045--ClientSession(606365803)--Connection(140404585)--Thread(Thread[#1,main,5,main])--SELECT COUNT(*) FROM PERSON WHERE taxnumber = ?
	bind => [123123123]
[EL Fine]: sql: 2025-05-23 15:35:20.071--ServerSession(2063763486)--Connection(140404585)--Thread(Thread[#1,main,5,main])--SELECT id, email, taxnumber, name, dtregister, cardid, credit, typeofcard FROM RIDER
]]></system-out>
  </testcase>
  <testcase name="testDockOccupancyFunction" classname="isel.sisinf.AppTest" time="0.05">
    <system-out><![CDATA[[EL Fine]: sql: 2025-05-23 15:35:20.105--ServerSession(2063763486)--Connection(140404585)--Thread(Thread[#1,main,5,main])--SELECT DISTINCT station FROM DOCK
[EL Fine]: sql: 2025-05-23 15:35:20.121--ServerSession(2063763486)--Connection(140404585)--Thread(Thread[#1,main,5,main])--SELECT fx_dock_occupancy(?)
	bind => [3]
]]></system-out>
  </testcase>
</testsuite>